2015-09-18 07:14:07 [100.113.218.14][-][-][warning][yii\debug\Module::checkAccess] Access to debugger is denied due to IP address restriction. The requesting IP address is 100.113.218.14
    in /home/admin/web/asobolev.payqr-sites.cloudapp.net/public_html/frontend/views/layouts/main.php:76
    in /home/admin/web/asobolev.payqr-sites.cloudapp.net/public_html/frontend/controllers/SiteController.php:75
2015-09-18 07:14:07 [100.113.218.14][-][-][info][application] $_SESSION = [
    '__flash' => []
]

$_SERVER = [
    'HTTP_HOST' => 'asobolev.payqr-sites.qrteam.ru'
    'HTTP_X_REAL_IP' => '188.64.163.33'
    'HTTP_X_FORWARDED_FOR' => '188.64.163.33'
    'HTTP_CONNECTION' => 'close'
    'HTTP_ACCEPT' => 'text/html,application/xhtml+xml,application/xml;q=0.9,image/webp,*/*;q=0.8'
    'HTTP_UPGRADE_INSECURE_REQUESTS' => '1'
    'HTTP_USER_AGENT' => 'Mozilla/5.0 (Windows NT 6.3; WOW64) AppleWebKit/537.36 (KHTML, like Gecko) Chrome/45.0.2454.93 Safari/537.36'
    'HTTP_ACCEPT_ENCODING' => 'gzip, deflate, sdch'
    'HTTP_ACCEPT_LANGUAGE' => 'ru-RU,ru;q=0.8,en-US;q=0.6,en;q=0.4'
    'PATH' => '/usr/local/sbin:/usr/local/bin:/usr/sbin:/usr/bin:/sbin:/bin'
    'SERVER_SIGNATURE' => ''
    'SERVER_SOFTWARE' => 'Apache/2.4.7 (Ubuntu) PHP/5.5.9-1ubuntu4.11 OpenSSL/1.0.1f'
    'SERVER_NAME' => 'asobolev.payqr-sites.qrteam.ru'
    'SERVER_ADDR' => '100.113.218.14'
    'SERVER_PORT' => '80'
    'REMOTE_ADDR' => '100.113.218.14'
    'DOCUMENT_ROOT' => '/home/admin/web/asobolev.payqr-sites.cloudapp.net/public_html'
    'REQUEST_SCHEME' => 'http'
    'CONTEXT_PREFIX' => ''
    'CONTEXT_DOCUMENT_ROOT' => '/home/admin/web/asobolev.payqr-sites.cloudapp.net/public_html'
    'SERVER_ADMIN' => 'info@asobolev.payqr-sites.cloudapp.net'
    'SCRIPT_FILENAME' => '/home/admin/web/asobolev.payqr-sites.cloudapp.net/public_html/frontend/web/index.php'
    'REMOTE_PORT' => '41905'
    'GATEWAY_INTERFACE' => 'CGI/1.1'
    'SERVER_PROTOCOL' => 'HTTP/1.0'
    'REQUEST_METHOD' => 'GET'
    'QUERY_STRING' => ''
    'REQUEST_URI' => '/frontend/web/index.php'
    'SCRIPT_NAME' => '/frontend/web/index.php'
    'PHP_SELF' => '/frontend/web/index.php'
    'REQUEST_TIME_FLOAT' => 1442560447.499
    'REQUEST_TIME' => 1442560447
]
